[ 2016-06-01T10:06:03+08:00 ] ::1 /db/index.php/Home/Add/ediCourseInfo
ERR: 非法操作:ediCourseInfo

[ 2016-06-01T15:20:27+08:00 ] ::1 /db/index.php/Home/Add/submitSelectedCourse
ERR: 1054:Unknown column '数据库编程' in 'where clause'
 [ SQL语句 ] : SELECT * FROM `courses` WHERE ( cid = 1001 or cname = 数据库编程 ) 

[ 2016-06-01T15:21:03+08:00 ] ::1 /db/index.php/Home/Add/submitSelectedCourse
ERR: 1054:Unknown column '数据库原理' in 'where clause'
 [ SQL语句 ] : SELECT * FROM `courses` WHERE ( cid = 1001 or cname = 数据库原理 ) 

[ 2016-06-01T15:21:29+08:00 ] ::1 /db/index.php/Home/Add/submitSelectedCourse
ERR: 1054:Unknown column '数据库原理' in 'where clause'
 [ SQL语句 ] : SELECT * FROM `courses` WHERE ( cid = 1001 or cname = 数据库原理 ) 

[ 2016-06-01T15:21:42+08:00 ] ::1 /db/index.php/Home/Add/submitSelectedCourse
ERR: 1054:Unknown column '数据库原理' in 'where clause'
 [ SQL语句 ] : SELECT * FROM `courses` WHERE ( cid = 1001 or cname = 数据库原理 ) 

[ 2016-06-01T15:21:51+08:00 ] ::1 /db/index.php/Home/Add/submitSelectedCourse
ERR: 1054:Unknown column '数据库原理' in 'where clause'
 [ SQL语句 ] : SELECT * FROM `courses` WHERE ( cid = 1001 or cname = 数据库原理 ) 

[ 2016-06-01T15:22:17+08:00 ] ::1 /db/index.php/Home/Add/submitSelectedCourse
ERR: 1452:Cannot add or update a child row: a foreign key constraint fails (`db_homework`.`selectedcourse`, CONSTRAINT `sid` FOREIGN KEY (`sid`) REFERENCES `students` (`sid`) ON DELETE CASCADE ON UPDATE CASCADE)
 [ SQL语句 ] : INSERT INTO `selectedcourse` () VALUES ()

[ 2016-06-01T15:24:21+08:00 ] ::1 /db/index.php/Home/Add/submitSelectedCourse
ERR: 1452:Cannot add or update a child row: a foreign key constraint fails (`db_homework`.`selectedcourse`, CONSTRAINT `sid` FOREIGN KEY (`sid`) REFERENCES `students` (`sid`) ON DELETE CASCADE ON UPDATE CASCADE)
 [ SQL语句 ] : INSERT INTO `selectedcourse` () VALUES ()

[ 2016-06-01T15:29:52+08:00 ] ::1 /db/index.php/Home/Add/submitSelectedCourse
ERR: 1452:Cannot add or update a child row: a foreign key constraint fails (`db_homework`.`selectedcourse`, CONSTRAINT `sid` FOREIGN KEY (`sid`) REFERENCES `students` (`sid`) ON DELETE CASCADE ON UPDATE CASCADE)
 [ SQL语句 ] : INSERT INTO `selectedcourse` () VALUES ()

[ 2016-06-01T15:30:11+08:00 ] ::1 /db/index.php/Home/Add/submitSelectedCourse
ERR: 1452:Cannot add or update a child row: a foreign key constraint fails (`db_homework`.`selectedcourse`, CONSTRAINT `sid` FOREIGN KEY (`sid`) REFERENCES `students` (`sid`) ON DELETE CASCADE ON UPDATE CASCADE)
 [ SQL语句 ] : INSERT INTO `selectedcourse` () VALUES ()

[ 2016-06-01T15:32:52+08:00 ] ::1 /db/index.php/Home/Add/submitSelectedCourse
ERR: 1452:Cannot add or update a child row: a foreign key constraint fails (`db_homework`.`selectedcourse`, CONSTRAINT `sid` FOREIGN KEY (`sid`) REFERENCES `students` (`sid`) ON DELETE CASCADE ON UPDATE CASCADE)
 [ SQL语句 ] : INSERT INTO `selectedcourse` () VALUES ()

[ 2016-06-01T15:42:42+08:00 ] ::1 /db/index.php/Home/Add/submitSelectedCourse?sid=
ERR: 1452:Cannot add or update a child row: a foreign key constraint fails (`db_homework`.`selectedcourse`, CONSTRAINT `sid` FOREIGN KEY (`sid`) REFERENCES `students` (`sid`) ON DELETE CASCADE ON UPDATE CASCADE)
 [ SQL语句 ] : INSERT INTO `selectedcourse` (`sid`,`cid`,`selectedYear`) VALUES ('','1001','2016')

[ 2016-06-01T15:43:29+08:00 ] ::1 /db/index.php/Home/Add/submitSelectedCourse?sid=
ERR: 1064:You have an error in your SQL syntax; check the manual that corresponds to your MySQL server version for the right syntax to use near ')' at line 1
 [ SQL语句 ] : SELECT * FROM `courses` WHERE ( cid =  ) 

[ 2016-06-01T15:43:42+08:00 ] ::1 /db/index.php/Home/Add/submitSelectedCourse?sid=
ERR: 1452:Cannot add or update a child row: a foreign key constraint fails (`db_homework`.`selectedcourse`, CONSTRAINT `sid` FOREIGN KEY (`sid`) REFERENCES `students` (`sid`) ON DELETE CASCADE ON UPDATE CASCADE)
 [ SQL语句 ] : INSERT INTO `selectedcourse` (`sid`,`cid`,`selectedYear`) VALUES ('','1001','2016')

[ 2016-06-01T15:47:47+08:00 ] ::1 /db/index.php/Home/Add/submitSelectedCourse?sid=
ERR: 1452:Cannot add or update a child row: a foreign key constraint fails (`db_homework`.`selectedcourse`, CONSTRAINT `sid` FOREIGN KEY (`sid`) REFERENCES `students` (`sid`) ON DELETE CASCADE ON UPDATE CASCADE)
 [ SQL语句 ] : INSERT INTO `selectedcourse` (`sid`,`cid`,`selectedYear`) VALUES ('','1001','2015')

[ 2016-06-01T15:48:38+08:00 ] ::1 /db/index.php/Home/Add/submitSelectedCourse?sid=
ERR: 1452:Cannot add or update a child row: a foreign key constraint fails (`db_homework`.`selectedcourse`, CONSTRAINT `sid` FOREIGN KEY (`sid`) REFERENCES `students` (`sid`) ON DELETE CASCADE ON UPDATE CASCADE)
 [ SQL语句 ] : INSERT INTO `selectedcourse` (`sid`,`cid`,`selectedYear`) VALUES ('','1001','2016')

[ 2016-06-01T15:56:56+08:00 ] ::1 /db/index.php/Home/Add/submitSelectedCourse?sid=
ERR: 1064:You have an error in your SQL syntax; check the manual that corresponds to your MySQL server version for the right syntax to use near '1001,2016)' at line 1
 [ SQL语句 ] : insert into selectedcourse(sid,cid,selectedYear) values(,1001,2016)

[ 2016-06-01T16:29:39+08:00 ] ::1 /db/index.php/Home/Add/submitStudentInfo?sid=&sname=&sex=&schoolAge=&schoolYear=&class=
ERR: 1064:You have an error in your SQL syntax; check the manual that corresponds to your MySQL server version for the right syntax to use near ') LIMIT 1' at line 1
 [ SQL语句 ] : SELECT * FROM `students` WHERE ( sid =  ) LIMIT 1  

[ 2016-06-01T16:36:38+08:00 ] ::1 /db/index.php/Home/Add/submitSelectedCourse?cid=1001&cname=%E6%95%B0%E6%8D%AE%E5%BA%93%E5%8E%9F%E7%90%86&selectedYear=2014
ERR: 1064:You have an error in your SQL syntax; check the manual that corresponds to your MySQL server version for the right syntax to use near '1001,2014)' at line 1
 [ SQL语句 ] : insert into selectedcourse(sid,cid,selectedYear) values( ,1001,2014)

[ 2016-06-01T16:37:47+08:00 ] ::1 /db/index.php/Home/Add/submitSelectedCourse?cid=1001&cname=%E6%95%B0%E6%8D%AE%E5%BA%93%E5%8E%9F%E7%90%86&selectedYear=2015
ERR: 1064:You have an error in your SQL syntax; check the manual that corresponds to your MySQL server version for the right syntax to use near '1001,2015)' at line 1
 [ SQL语句 ] : insert into selectedcourse(sid,cid,selectedYear) values( ,1001,2015)

[ 2016-06-01T16:39:36+08:00 ] ::1 /db/index.php/Home/Add/submitSelectedCourse?cid=1001&cname=%E6%95%B0%E6%8D%AE%E5%BA%93%E5%8E%9F%E7%90%86&selectedYear=2014
ERR: 1064:You have an error in your SQL syntax; check the manual that corresponds to your MySQL server version for the right syntax to use near '1001,2014)' at line 1
 [ SQL语句 ] : insert into selectedcourse(sid,cid,selectedYear) values( ,1001,2014)

[ 2016-06-01T16:41:09+08:00 ] ::1 /db/index.php/Home/Add/submitSelectedCourse?cid=1001&cname=%E6%95%B0%E6%8D%AE%E5%BA%93%E5%8E%9F%E7%90%86&selectedYear=2014
ERR: 1064:You have an error in your SQL syntax; check the manual that corresponds to your MySQL server version for the right syntax to use near '1001,2014)' at line 1
 [ SQL语句 ] : insert into selectedcourse(sid,cid,selectedYear) values( ,1001,2014)

[ 2016-06-01T16:43:55+08:00 ] ::1 /db/index.php/Home/Add/submitSelectedCourse?cid=1001&cname=%E6%95%B0%E6%8D%AE%E5%BA%93%E5%8E%9F%E7%90%86&selectedYear=2014
ERR: 1064:You have an error in your SQL syntax; check the manual that corresponds to your MySQL server version for the right syntax to use near '1001,2014)' at line 1
 [ SQL语句 ] : insert into selectedcourse(sid,cid,selectedYear) values( ,1001,2014)

[ 2016-06-01T16:47:38+08:00 ] ::1 /db/index.php/Home/Add/submitSelectedCourse?cid=1001&cname=%E6%95%B0%E6%8D%AE%E5%BA%93%E5%8E%9F%E7%90%86&selectedYear=2014
ERR: 1064:You have an error in your SQL syntax; check the manual that corresponds to your MySQL server version for the right syntax to use near '1001,2014)' at line 1
 [ SQL语句 ] : insert into selectedcourse(sid,cid,selectedYear) values( ,1001,2014)

[ 2016-06-01T16:50:01+08:00 ] ::1 /db/index.php/Home/Add/submitSelectedCourse?cid=1001&cname=%E6%95%B0%E6%8D%AE%E5%BA%93%E5%8E%9F%E7%90%86&selectedYear=2014
ERR: 1064:You have an error in your SQL syntax; check the manual that corresponds to your MySQL server version for the right syntax to use near '1001,2014)' at line 1
 [ SQL语句 ] : insert into selectedcourse(sid,cid,selectedYear) values( ,1001,2014)

[ 2016-06-01T16:52:46+08:00 ] ::1 /db/index.php/Home/Add/submitSelectedCourse?cid=1001&cname=%E6%95%B0%E6%8D%AE%E5%BA%93%E5%8E%9F%E7%90%86&selectedYear=2014
ERR: 1064:You have an error in your SQL syntax; check the manual that corresponds to your MySQL server version for the right syntax to use near '1001,2014)' at line 1
 [ SQL语句 ] : insert into selectedcourse(sid,cid,selectedYear) values( ,1001,2014)

[ 2016-06-01T16:53:27+08:00 ] ::1 /db/index.php/Home/Add/submitSelectedCourse?cid=1001&cname=%E6%95%B0%E6%8D%AE%E5%BA%93%E5%8E%9F%E7%90%86&selectedYear=2014
ERR: 1064:You have an error in your SQL syntax; check the manual that corresponds to your MySQL server version for the right syntax to use near '1001,2014)' at line 1
 [ SQL语句 ] : insert into selectedcourse(sid,cid,selectedYear) values( ,1001,2014)

[ 2016-06-01T16:55:01+08:00 ] ::1 /db/index.php/Home/Add/submitSelectedCourse?cid=1001&cname=%E6%95%B0%E6%8D%AE%E5%BA%93%E5%8E%9F%E7%90%86&selectedYear=2014
ERR: 1064:You have an error in your SQL syntax; check the manual that corresponds to your MySQL server version for the right syntax to use near '1001,2014)' at line 1
 [ SQL语句 ] : insert into selectedcourse(sid,cid,selectedYear) values( ,1001,2014)

[ 2016-06-01T17:35:52+08:00 ] ::1 /db/index.php/Home/Grade/studentsAverage
ERR: 无法加载控制器:Grade

[ 2016-06-01T17:36:03+08:00 ] ::1 /db/index.php/Home/Grade/studentsAverage
ERR: 无法加载控制器:Grade

[ 2016-06-01T17:41:22+08:00 ] ::1 /db/index.php/Home/Grade/studentsAverage
ERR: 无法加载控制器:Grade

[ 2016-06-01T18:07:05+08:00 ] ::1 /db/index.php/Home/Grade/studentsAverage
ERR: 无法加载控制器:Grade

[ 2016-06-01T18:07:40+08:00 ] ::1 /db/index.php/Home/Grade/studentsAverage
ERR: Think\Controller:asign方法不存在！

[ 2016-06-01T18:08:08+08:00 ] ::1 /db/index.php/Home/Grade/studentsAverage
ERR: Think\Controller:asign方法不存在！

